SF:E:\Projects\badge\src\badge\plain.ts
FN:10,getSvgIcon
FN:17,badgePlain
FNDA:2,getSvgIcon
FNDA:2,badgePlain
FNF:2
FNH:2
BRDA:11,1,0,1
BRDA:14,1,1,0
BRDA:18,2,0,1
BRDA:18,2,1,1
BRDA:21,2,2,1
BRDA:21,2,3,1
BRDA:41,2,4,1
BRDA:41,2,5,1
BRF:8
BRH:7
DA:1,1
DA:10,3
DA:11,3
DA:13,4
DA:14,0
DA:15,3
DA:17,1
DA:18,3
DA:20,3
DA:21,3
DA:22,3
DA:24,3
DA:25,3
DA:31,3
DA:34,3
DA:35,3
DA:36,3
DA:39,3
DA:40,3
DA:41,3
DA:43,3
DA:44,3
DA:45,1
LH:22
LF:23
end_of_record
SF:E:\Projects\badge\src\badge\skill.ts
FN:18,getSvgIcon
FN:27,getSize
FN:36,badgeSkill
FNDA:4,getSvgIcon
FNDA:4,getSize
FNDA:4,badgeSkill
FNF:3
FNH:3
BRDA:19,1,0,1
BRDA:19,1,1,3
BRDA:23,1,2,0
BRDA:28,2,0,3
BRDA:28,2,1,1
BRDA:29,2,2,0
BRDA:29,2,3,1
BRDA:30,2,4,0
BRDA:38,3,0,1
BRDA:42,3,1,3
BRDA:42,3,2,1
BRDA:43,3,3,3
BRDA:43,3,4,1
BRF:13
BRH:10
DA:1,1
DA:11,1
DA:12,1
DA:13,1
DA:14,1
DA:15,1
DA:16,1
DA:18,5
DA:19,5
DA:21,8
DA:22,0
DA:23,0
DA:24,0
DA:25,5
DA:27,5
DA:28,5
DA:29,0
DA:30,6
DA:31,0
DA:32,0
DA:33,0
DA:34,5
DA:36,1
DA:37,5
DA:38,5
DA:39,5
DA:40,5
DA:41,5
DA:42,5
DA:43,5
DA:44,5
DA:45,5
DA:46,5
DA:49,5
DA:50,5
DA:51,5
DA:52,5
DA:53,5
DA:55,5
DA:56,5
DA:57,5
DA:58,5
DA:60,5
DA:61,5
DA:63,5
DA:65,5
DA:67,5
DA:70,5
DA:74,5
DA:75,5
DA:76,5
DA:77,5
DA:78,5
DA:79,5
DA:80,15
DA:81,5
DA:82,1
LH:50
LF:57
end_of_record
SF:E:\Projects\badge\src\router\badge\plain.ts
FN:5,handleBadgePlain
FNDA:2,handleBadgePlain
FNF:1
FNH:1
BRDA:6,2,0,4
BRF:1
BRH:1
DA:2,1
DA:5,1
DA:6,28
DA:8,3
DA:9,3
DA:10,3
LH:6
LF:6
end_of_record
SF:E:\Projects\badge\src\router\badge\skill.ts
FN:5,handleBadgeSkill
FNDA:2,handleBadgeSkill
FNF:1
FNH:1
BRDA:6,2,0,5
BRF:1
BRH:1
DA:2,1
DA:5,1
DA:6,32
DA:8,3
DA:9,3
DA:10,3
LH:6
LF:6
end_of_record
SF:E:\Projects\badge\src\router\badge\stack.ts
FN:4,handleStack
FNDA:3,handleStack
FNF:1
FNH:1
BRDA:13,1,0,2
BRDA:17,1,1,1
BRDA:8,2,0,0
BRF:3
BRH:2
DA:2,1
DA:4,1
DA:5,4
DA:6,7
DA:7,7
DA:8,0
DA:9,0
DA:10,0
DA:11,4
DA:13,4
DA:14,6
DA:15,6
DA:16,6
DA:17,6
DA:19,5
DA:20,5
DA:21,15
DA:22,60
DA:23,5
DA:26,5
DA:28,5
DA:29,5
DA:30,5
DA:31,5
DA:32,5
DA:33,7
DA:34,7
DA:35,7
DA:36,5
DA:38,5
DA:39,5
DA:40,4
LH:29
LF:32
end_of_record
SF:E:\Projects\badge\src\router\badgeRoutes.ts
FN:19,handler
FN:25,handler
FN:31,handler
FNDA:2,handler
FNDA:2,handler
FNDA:0,handler
FNF:3
FNH:2
BRF:0
BRH:0
DA:2,1
DA:3,1
DA:4,1
DA:15,1
DA:16,1
DA:17,1
DA:18,1
DA:19,1
DA:20,5
DA:21,1
DA:22,1
DA:23,1
DA:24,1
DA:25,1
DA:26,6
DA:27,1
DA:28,1
DA:29,1
DA:30,1
DA:31,0
DA:32,1
DA:33,1
DA:34,1
LH:22
LF:23
end_of_record
SF:E:\Projects\badge\src\utils\getIcon.ts
FN:2,<instance_members_initializer>
FN:4,get
FNDA:1,<instance_members_initializer>
FNDA:5,get
FNF:2
FNH:2
BRDA:6,3,0,1
BRDA:8,3,1,4
BRF:2
BRH:2
DA:1,1
DA:2,1
DA:4,2
DA:5,7
DA:6,12
DA:7,13
DA:8,12
DA:9,16
DA:10,16
DA:11,19
DA:12,19
DA:13,16
DA:14,16
DA:15,17
DA:16,16
DA:17,16
DA:18,7
DA:19,1
DA:20,1
DA:22,1
DA:23,1
LH:21
LF:21
end_of_record
